02:53:51.481 [TestNG-tests-1] INFO  testCases.TC03_AccountLogout - Finished Test 5***
02:53:51.494 [TestNG-tests-1] INFO  testCases.TC02_AccountLogin - ***Starting Test 5***
02:53:51.711 [TestNG-tests-1] INFO  testCases.TC02_AccountLogin - Clicked on my account link
02:53:52.173 [TestNG-tests-1] INFO  testCases.TC02_AccountLogin - Clicked on my login link
02:53:52.173 [TestNG-tests-1] INFO  testCases.TC02_AccountLogin - Giving not registered username
02:53:54.678 [TestNG-tests-2] INFO  testCases.TC04_ForgotPassword - Entered email and clicked on continue button
02:53:55.717 [TestNG-tests-1] INFO  testCases.TC02_AccountLogin - Clicked on my account link
02:53:55.756 [TestNG-tests-1] INFO  testCases.TC02_AccountLogin - Validating logging into account by giving not registered username
02:53:55.757 [TestNG-tests-1] INFO  testCases.TC02_AccountLogin - Finished Test5***
02:53:55.764 [TestNG-tests-1] INFO  testCases.TC04_ForgotPassword - ***Starting Test 6***
02:53:56.724 [TestNG-tests-1] INFO  testCases.TC04_ForgotPassword - Clicked on my account link
02:53:57.126 [TestNG-tests-1] INFO  testCases.TC04_ForgotPassword - Clicked on login link
02:53:57.699 [TestNG-tests-2] INFO  testCases.TC04_ForgotPassword - Validating tthat proper warning message is displayed after providing invalid e-mail id
02:53:57.699 [TestNG-tests-2] INFO  testCases.TC04_ForgotPassword - Finished Test 5***
02:53:57.714 [TestNG-tests-2] INFO  testCases.TC03_AccountLogout - ***Starting Test 5***
02:54:00.568 [TestNG-tests-1] INFO  testCases.TC04_ForgotPassword - Clicked on forgot password link in right column
02:54:00.871 [TestNG-tests-2] INFO  testCases.TC03_AccountLogout - Clicked on my account link
02:54:00.904 [TestNG-tests-2] INFO  testCases.TC03_AccountLogout - Validating Logout option is not displayed under 'My Account' menu before logging in
02:54:00.904 [TestNG-tests-2] INFO  testCases.TC03_AccountLogout - Finished Test 5***
02:54:00.904 [TestNG-tests-2] INFO  testCases.TC02_AccountLogin - ***Starting Test 5***
02:54:01.089 [TestNG-tests-2] INFO  testCases.TC02_AccountLogin - Clicked on my account link
02:54:01.955 [TestNG-tests-2] INFO  testCases.TC02_AccountLogin - Clicked on my login link
02:54:01.955 [TestNG-tests-2] INFO  testCases.TC02_AccountLogin - Giving not registered username
02:54:04.495 [TestNG-tests-1] INFO  testCases.TC04_ForgotPassword - Clicked on continue button
02:54:04.640 [TestNG-tests-2] INFO  testCases.TC02_AccountLogin - Clicked on my account link
02:54:04.670 [TestNG-tests-2] INFO  testCases.TC02_AccountLogin - Validating logging into account by giving not registered username
02:54:04.670 [TestNG-tests-2] INFO  testCases.TC02_AccountLogin - Finished Test5***
02:54:04.671 [TestNG-tests-2] INFO  testCases.TC04_ForgotPassword - ***Starting Test 6***
02:54:05.456 [TestNG-tests-2] INFO  testCases.TC04_ForgotPassword - Clicked on my account link
02:54:05.726 [TestNG-tests-2] INFO  testCases.TC04_ForgotPassword - Clicked on login link
02:54:07.552 [TestNG-tests-1] INFO  testCases.TC04_ForgotPassword - Validating that proper warning message is displayed after leaving e-mail textfield empty
02:54:07.552 [TestNG-tests-1] INFO  testCases.TC04_ForgotPassword - Finished Test 6***
02:54:07.564 [TestNG-tests-1] INFO  testCases.TC03_AccountLogout - ***Starting Test 6***
02:54:08.701 [TestNG-tests-1] INFO  testCases.TC03_AccountLogout - Clicked on my account link
02:54:09.182 [TestNG-tests-1] INFO  testCases.TC03_AccountLogout - Clicked on login link
02:54:09.185 [TestNG-tests-1] INFO  testCases.TC03_AccountLogout - Giving valid details
02:54:09.214 [TestNG-tests-2] INFO  testCases.TC04_ForgotPassword - Clicked on forgot password link in right column
02:54:12.624 [TestNG-tests-1] INFO  testCases.TC03_AccountLogout - Clicked on my account link
02:54:12.940 [TestNG-tests-2] INFO  testCases.TC04_ForgotPassword - Clicked on continue button
02:54:13.290 [TestNG-tests-1] INFO  testCases.TC03_AccountLogout - Clicked on logout link
02:54:16.014 [TestNG-tests-2] INFO  testCases.TC04_ForgotPassword - Validating that proper warning message is displayed after leaving e-mail textfield empty
02:54:16.014 [TestNG-tests-2] INFO  testCases.TC04_ForgotPassword - Finished Test 6***
02:54:16.014 [TestNG-tests-2] INFO  testCases.TC03_AccountLogout - ***Starting Test 6***
02:54:17.525 [TestNG-tests-2] INFO  testCases.TC03_AccountLogout - Clicked on my account link
02:54:17.905 [TestNG-tests-2] INFO  testCases.TC03_AccountLogout - Clicked on login link
02:54:17.905 [TestNG-tests-2] INFO  testCases.TC03_AccountLogout - Giving valid details
02:54:18.325 [TestNG-tests-1] INFO  testCases.TC03_AccountLogout - Validating that proper message is displayed after logging out
02:54:18.325 [TestNG-tests-1] INFO  testCases.TC03_AccountLogout - Finished Test 6***
02:54:18.973 [TestNG-tests-1] INFO  testCases.TC02_AccountLogin - ***Starting Test 6***
02:54:19.770 [TestNG-tests-1] INFO  testCases.TC02_AccountLogin - Clicked on my account link
02:54:20.177 [TestNG-tests-1] INFO  testCases.TC02_AccountLogin - Clicked on my login link
02:54:20.179 [TestNG-tests-1] INFO  testCases.TC02_AccountLogin - Giving registered username with incorrect password
02:54:21.035 [TestNG-tests-2] INFO  testCases.TC03_AccountLogout - Clicked on my account link
02:54:21.518 [TestNG-tests-2] INFO  testCases.TC03_AccountLogout - Clicked on logout link
02:54:23.383 [TestNG-tests-1] INFO  testCases.TC02_AccountLogin - Clicked on my account link
02:54:23.426 [TestNG-tests-1] INFO  testCases.TC02_AccountLogin - Validating logging into account by giving registered username and incorrect password
02:54:23.426 [TestNG-tests-1] INFO  testCases.TC02_AccountLogin - Finished Test6***
02:54:23.432 [TestNG-tests-1] INFO  testCases.TC04_ForgotPassword - ***Starting Test 7***
02:54:24.224 [TestNG-tests-1] INFO  testCases.TC04_ForgotPassword - Clicked on my account link
02:54:24.626 [TestNG-tests-1] INFO  testCases.TC04_ForgotPassword - Clicked on login link
02:54:26.940 [TestNG-tests-2] INFO  testCases.TC02_AccountLogin - ***Starting Test 6***
02:54:27.484 [TestNG-tests-2] INFO  testCases.TC04_ForgotPassword - ***Starting Test 7***
02:54:27.990 [TestNG-tests-1] INFO  testCases.TC02_AccountLogin - ***Starting Test 7***
02:54:28.100 [TestNG-tests-1] INFO  testCases.TC04_ForgotPassword - ***Starting Test 8***
02:54:28.314 [TestNG-tests-2] INFO  testCases.TC02_AccountLogin - ***Starting Test 7***
02:54:28.329 [TestNG-tests-2] INFO  testCases.TC04_ForgotPassword - ***Starting Test 8***
02:54:28.369 [TestNG-tests-2] INFO  testCases.TC02_AccountLogin - ***Starting Test 8***
02:54:28.385 [TestNG-tests-2] INFO  testCases.TC02_AccountLogin - ***Starting Test 9***
02:54:28.403 [TestNG-tests-2] INFO  testCases.TC02_AccountLogin - ***Starting Test 11***
02:54:28.417 [TestNG-tests-2] INFO  testCases.TC02_AccountLogin - ***Starting Test 12***
02:54:28.433 [TestNG-tests-2] INFO  testCases.TC02_AccountLogin - ***Starting Test 15***
02:54:28.449 [TestNG-tests-2] INFO  testCases.TC02_AccountLogin - ***Starting Test 16***
02:54:28.471 [TestNG-tests-2] INFO  testCases.TC02_AccountLogin - ***Starting Test 17***
02:54:28.488 [TestNG-tests-2] INFO  testCases.TC02_AccountLogin - ***Starting Test 18***
02:54:28.505 [TestNG-tests-2] INFO  testCases.TC02_AccountLogin - ***Starting Test 19***
02:54:28.520 [TestNG-tests-2] INFO  testCases.TC02_AccountLogin - ***Starting Test 20***
02:54:29.132 [TestNG-tests-1] INFO  testCases.TC02_AccountLogin - ***Starting Test 8***
02:54:29.146 [TestNG-tests-1] INFO  testCases.TC02_AccountLogin - ***Starting Test 9***
02:54:29.162 [TestNG-tests-1] INFO  testCases.TC02_AccountLogin - ***Starting Test 11***
02:54:29.162 [TestNG-tests-1] INFO  testCases.TC02_AccountLogin - ***Starting Test 12***
02:54:29.182 [TestNG-tests-1] INFO  testCases.TC02_AccountLogin - ***Starting Test 15***
02:54:29.193 [TestNG-tests-1] INFO  testCases.TC02_AccountLogin - ***Starting Test 16***
02:54:29.260 [TestNG-tests-1] INFO  testCases.TC02_AccountLogin - ***Starting Test 17***
02:54:29.271 [TestNG-tests-1] INFO  testCases.TC02_AccountLogin - ***Starting Test 18***
02:54:29.294 [TestNG-tests-1] INFO  testCases.TC02_AccountLogin - ***Starting Test 19***
02:54:29.307 [TestNG-tests-1] INFO  testCases.TC02_AccountLogin - ***Starting Test 20***
02:59:31.957 [TestNG-tests-1] INFO  testCases.TC04_ForgotPassword - ********Starting TC04_ForgotPassword********
02:59:31.963 [TestNG-tests-1] INFO  testCases.TC04_ForgotPassword - ***Starting Test 1***
02:59:32.771 [TestNG-tests-1] INFO  testCases.TC04_ForgotPassword - Clicked on my account link
02:59:33.203 [TestNG-tests-1] INFO  testCases.TC04_ForgotPassword - Clicked on login link
02:59:37.060 [TestNG-tests-1] INFO  testCases.TC04_ForgotPassword - Clicked on forgot password link
02:59:38.425 [TestNG-tests-2] INFO  testCases.TC04_ForgotPassword - ********Starting TC04_ForgotPassword********
02:59:38.425 [TestNG-tests-2] INFO  testCases.TC04_ForgotPassword - ***Starting Test 1***
02:59:38.832 [TestNG-tests-2] INFO  testCases.TC04_ForgotPassword - Clicked on my account link
02:59:39.259 [TestNG-tests-2] INFO  testCases.TC04_ForgotPassword - Clicked on login link
02:59:40.141 [TestNG-tests-1] INFO  testCases.TC04_ForgotPassword - Validating that clicking on forgot password link in login page displays forgot password page
02:59:40.148 [TestNG-tests-1] INFO  testCases.TC04_ForgotPassword - Finished Test 1***
02:59:42.436 [TestNG-tests-1] INFO  testCases.TC03_AccountLogout - ********Starting TC03_AccountLogout********
02:59:42.436 [TestNG-tests-1] INFO  testCases.TC03_AccountLogout - ***Starting Test 1***
02:59:42.714 [TestNG-tests-2] INFO  testCases.TC04_ForgotPassword - Clicked on forgot password link
02:59:45.707 [TestNG-tests-1] INFO  testCases.TC03_AccountLogout - Clicked on my account link
02:59:45.824 [TestNG-tests-2] INFO  testCases.TC04_ForgotPassword - Validating that clicking on forgot password link in login page displays forgot password page
02:59:45.824 [TestNG-tests-2] INFO  testCases.TC04_ForgotPassword - Finished Test 1***
02:59:46.351 [TestNG-tests-1] INFO  testCases.TC03_AccountLogout - Clicked on login link
02:59:46.353 [TestNG-tests-1] INFO  testCases.TC03_AccountLogout - Giving valid details
02:59:48.837 [TestNG-tests-1] INFO  testCases.TC03_AccountLogout - Clicked on my account link
02:59:48.992 [TestNG-tests-1] INFO  testCases.TC03_AccountLogout - Validating Logging out option is displayed in MyAccount drop menu after logging in
02:59:49.636 [TestNG-tests-1] INFO  testCases.TC03_AccountLogout - Finished Test 1***
02:59:54.361 [TestNG-tests-1] INFO  testCases.TC02_AccountLogin - ********Starting TC02_AccountLogin********
02:59:54.361 [TestNG-tests-1] INFO  testCases.TC02_AccountLogin - ***Starting Test 1***
02:59:54.729 [TestNG-tests-1] INFO  testCases.TC02_AccountLogin - Clicked on my account link
02:59:55.748 [TestNG-tests-1] INFO  testCases.TC02_AccountLogin - Clicked onn register link
02:59:56.576 [TestNG-tests-1] INFO  testCases.TC02_AccountLogin - Clicked onn login link in register page
02:59:56.947 [TestNG-tests-1] INFO  testCases.TC02_AccountLogin - Validating navigating to login page through login link in register page
02:59:56.949 [TestNG-tests-1] INFO  testCases.TC02_AccountLogin - Finished Test1***
02:59:56.961 [TestNG-tests-1] INFO  testCases.TC04_ForgotPassword - ***Starting Test 2***
03:00:00.492 [TestNG-tests-1] INFO  testCases.TC04_ForgotPassword - Clicked on my account link
03:00:01.295 [TestNG-tests-2] INFO  testCases.TC03_AccountLogout - ********Starting TC03_AccountLogout********
03:00:01.297 [TestNG-tests-2] INFO  testCases.TC03_AccountLogout - ***Starting Test 1***
03:00:02.376 [TestNG-tests-1] INFO  testCases.TC04_ForgotPassword - Clicked on login link
03:00:04.640 [TestNG-tests-2] INFO  testCases.TC03_AccountLogout - Clicked on my account link
03:00:06.017 [TestNG-tests-2] INFO  testCases.TC03_AccountLogout - Clicked on login link
03:00:06.019 [TestNG-tests-2] INFO  testCases.TC03_AccountLogout - Giving valid details
03:00:06.411 [TestNG-tests-1] INFO  testCases.TC04_ForgotPassword - Clicked on forgot password link in right column
03:00:08.161 [TestNG-tests-2] INFO  testCases.TC03_AccountLogout - Clicked on my account link
03:00:08.193 [TestNG-tests-2] INFO  testCases.TC03_AccountLogout - Validating Logging out option is displayed in MyAccount drop menu after logging in
03:00:08.882 [TestNG-tests-2] INFO  testCases.TC03_AccountLogout - Finished Test 1***
03:00:09.481 [TestNG-tests-1] INFO  testCases.TC04_ForgotPassword - Validating clicking on forgot password tab in right column
03:00:09.481 [TestNG-tests-1] INFO  testCases.TC04_ForgotPassword - Finished Test 2***
03:00:09.497 [TestNG-tests-1] INFO  testCases.TC03_AccountLogout - ***Starting Test 2***
03:00:14.393 [TestNG-tests-1] INFO  testCases.TC03_AccountLogout - Clicked on my account link
03:00:14.759 [TestNG-tests-1] INFO  testCases.TC03_AccountLogout - Clicked on login link
03:00:14.761 [TestNG-tests-1] INFO  testCases.TC03_AccountLogout - Giving valid details
03:00:19.383 [TestNG-tests-1] INFO  testCases.TC03_AccountLogout - Clicked on my account link
03:00:19.453 [TestNG-tests-2] INFO  testCases.TC02_AccountLogin - ********Starting TC02_AccountLogin********
03:00:19.453 [TestNG-tests-2] INFO  testCases.TC02_AccountLogin - ***Starting Test 1***
03:00:19.783 [TestNG-tests-2] INFO  testCases.TC02_AccountLogin - Clicked on my account link
03:00:20.214 [TestNG-tests-1] INFO  testCases.TC03_AccountLogout - Clicked on logout link
03:00:20.550 [TestNG-tests-2] INFO  testCases.TC02_AccountLogin - Clicked onn register link
03:00:20.936 [TestNG-tests-2] INFO  testCases.TC02_AccountLogin - Clicked onn login link in register page
03:00:21.004 [TestNG-tests-2] INFO  testCases.TC02_AccountLogin - Validating navigating to login page through login link in register page
03:00:21.004 [TestNG-tests-2] INFO  testCases.TC02_AccountLogin - Finished Test1***
03:00:21.008 [TestNG-tests-2] INFO  testCases.TC04_ForgotPassword - ***Starting Test 2***
03:00:21.875 [TestNG-tests-2] INFO  testCases.TC04_ForgotPassword - Clicked on my account link
03:00:22.265 [TestNG-tests-2] INFO  testCases.TC04_ForgotPassword - Clicked on login link
03:00:23.219 [TestNG-tests-1] INFO  testCases.TC03_AccountLogout - Clicked on my account link
03:00:23.271 [TestNG-tests-1] INFO  testCases.TC03_AccountLogout - Validating Logging out by selecting Logout option from 'My Account' drop menu
03:00:23.271 [TestNG-tests-1] INFO  testCases.TC03_AccountLogout - Finished Test 2***
03:00:23.279 [TestNG-tests-1] INFO  testCases.TC02_AccountLogin - ***Starting Test 2***
03:00:24.153 [TestNG-tests-1] INFO  testCases.TC02_AccountLogin - Clicked on login link in right column
03:00:24.213 [TestNG-tests-1] INFO  testCases.TC02_AccountLogin - Validating navigating to login from right column option
03:00:24.213 [TestNG-tests-1] INFO  testCases.TC02_AccountLogin - Finished Test2***
03:00:24.218 [TestNG-tests-1] INFO  testCases.TC04_ForgotPassword - ***Starting Test 3***
03:00:25.668 [TestNG-tests-1] INFO  testCases.TC04_ForgotPassword - Clicked on my account link
03:00:26.184 [TestNG-tests-2] INFO  testCases.TC04_ForgotPassword - Clicked on forgot password link in right column
03:00:26.664 [TestNG-tests-1] INFO  testCases.TC04_ForgotPassword - Clicked on login link
03:00:29.222 [TestNG-tests-2] INFO  testCases.TC04_ForgotPassword - Validating clicking on forgot password tab in right column
03:00:29.222 [TestNG-tests-2] INFO  testCases.TC04_ForgotPassword - Finished Test 2***
03:00:29.232 [TestNG-tests-2] INFO  testCases.TC03_AccountLogout - ***Starting Test 2***
03:00:30.080 [TestNG-tests-1] INFO  testCases.TC04_ForgotPassword - Clicked on forgot password link in right column
03:00:33.166 [TestNG-tests-1] INFO  testCases.TC04_ForgotPassword - Validating that the forgot password page is asking for valid e-mail
03:00:33.168 [TestNG-tests-1] INFO  testCases.TC04_ForgotPassword - Finished Test 3***
03:00:33.173 [TestNG-tests-1] INFO  testCases.TC03_AccountLogout - ***Starting Test 3***
03:00:33.258 [TestNG-tests-2] INFO  testCases.TC03_AccountLogout - Clicked on my account link
03:00:33.657 [TestNG-tests-2] INFO  testCases.TC03_AccountLogout - Clicked on login link
03:00:33.657 [TestNG-tests-2] INFO  testCases.TC03_AccountLogout - Giving valid details
03:00:36.980 [TestNG-tests-2] INFO  testCases.TC03_AccountLogout - Clicked on my account link
03:00:37.113 [TestNG-tests-1] INFO  testCases.TC03_AccountLogout - Clicked on my account link
03:00:37.419 [TestNG-tests-2] INFO  testCases.TC03_AccountLogout - Clicked on logout link
03:00:37.523 [TestNG-tests-1] INFO  testCases.TC03_AccountLogout - Clicked on login link
03:00:37.523 [TestNG-tests-1] INFO  testCases.TC03_AccountLogout - Giving valid details
03:00:39.704 [TestNG-tests-1] INFO  testCases.TC03_AccountLogout - Clicked on logout option in right column
03:00:39.931 [TestNG-tests-1] INFO  testCases.TC03_AccountLogout - Clicked on my account link
03:00:39.989 [TestNG-tests-1] INFO  testCases.TC03_AccountLogout - Validating Logging out by selecting Logout option from 'My Account' drop menu
03:00:39.989 [TestNG-tests-1] INFO  testCases.TC03_AccountLogout - Finished Test 3***
03:00:40.004 [TestNG-tests-1] INFO  testCases.TC02_AccountLogin - ***Starting Test 3***
03:00:40.231 [TestNG-tests-1] INFO  testCases.TC02_AccountLogin - Clicked on my account link
03:00:40.244 [TestNG-tests-2] INFO  testCases.TC03_AccountLogout - Clicked on my account link
03:00:40.282 [TestNG-tests-2] INFO  testCases.TC03_AccountLogout - Validating Logging out by selecting Logout option from 'My Account' drop menu
03:00:40.282 [TestNG-tests-2] INFO  testCases.TC03_AccountLogout - Finished Test 2***
03:00:40.292 [TestNG-tests-2] INFO  testCases.TC02_AccountLogin - ***Starting Test 2***
03:00:40.660 [TestNG-tests-2] INFO  testCases.TC02_AccountLogin - Clicked on login link in right column
03:00:40.718 [TestNG-tests-2] INFO  testCases.TC02_AccountLogin - Validating navigating to login from right column option
03:00:40.718 [TestNG-tests-2] INFO  testCases.TC02_AccountLogin - Finished Test2***
03:00:40.729 [TestNG-tests-2] INFO  testCases.TC04_ForgotPassword - ***Starting Test 3***
03:00:41.015 [TestNG-tests-1] INFO  testCases.TC02_AccountLogin - Clicked on my login link
03:00:41.173 [TestNG-tests-1] INFO  testCases.TC02_AccountLogin - Validating logging in to the account through My Account --> login
03:00:41.173 [TestNG-tests-1] INFO  testCases.TC02_AccountLogin - Finished Test3***
03:00:41.187 [TestNG-tests-1] INFO  testCases.TC04_ForgotPassword - ***Starting Test 4***
03:00:41.564 [TestNG-tests-2] INFO  testCases.TC04_ForgotPassword - Clicked on my account link
03:00:42.103 [TestNG-tests-2] INFO  testCases.TC04_ForgotPassword - Clicked on login link
03:00:42.476 [TestNG-tests-1] INFO  testCases.TC04_ForgotPassword - Clicked on my account link
03:00:43.030 [TestNG-tests-1] INFO  testCases.TC04_ForgotPassword - Clicked on login link
03:00:45.585 [TestNG-tests-2] INFO  testCases.TC04_ForgotPassword - Clicked on forgot password link in right column
03:00:46.505 [TestNG-tests-1] INFO  testCases.TC04_ForgotPassword - Clicked on forgot password link in right column
03:00:48.635 [TestNG-tests-2] INFO  testCases.TC04_ForgotPassword - Validating that the forgot password page is asking for valid e-mail
03:00:48.635 [TestNG-tests-2] INFO  testCases.TC04_ForgotPassword - Finished Test 3***
03:00:48.635 [TestNG-tests-2] INFO  testCases.TC03_AccountLogout - ***Starting Test 3***
03:00:52.423 [TestNG-tests-2] INFO  testCases.TC03_AccountLogout - Clicked on my account link
03:00:52.830 [TestNG-tests-2] INFO  testCases.TC03_AccountLogout - Clicked on login link
03:00:52.830 [TestNG-tests-2] INFO  testCases.TC03_AccountLogout - Giving valid details
03:00:53.126 [TestNG-tests-1] INFO  testCases.TC04_ForgotPassword - Entered email and clicked on continue button
03:00:54.632 [TestNG-tests-2] INFO  testCases.TC03_AccountLogout - Clicked on logout option in right column
03:00:54.802 [TestNG-tests-2] INFO  testCases.TC03_AccountLogout - Clicked on my account link
03:00:54.832 [TestNG-tests-2] INFO  testCases.TC03_AccountLogout - Validating Logging out by selecting Logout option from 'My Account' drop menu
03:00:54.832 [TestNG-tests-2] INFO  testCases.TC03_AccountLogout - Finished Test 3***
03:00:54.846 [TestNG-tests-2] INFO  testCases.TC02_AccountLogin - ***Starting Test 3***
03:00:55.024 [TestNG-tests-2] INFO  testCases.TC02_AccountLogin - Clicked on my account link
03:00:55.339 [TestNG-tests-2] INFO  testCases.TC02_AccountLogin - Clicked on my login link
03:00:55.371 [TestNG-tests-2] INFO  testCases.TC02_AccountLogin - Validating logging in to the account through My Account --> login
03:00:55.371 [TestNG-tests-2] INFO  testCases.TC02_AccountLogin - Finished Test3***
03:00:55.387 [TestNG-tests-2] INFO  testCases.TC04_ForgotPassword - ***Starting Test 4***
03:00:56.168 [TestNG-tests-2] INFO  testCases.TC04_ForgotPassword - Clicked on my account link
03:00:56.186 [TestNG-tests-1] INFO  testCases.TC04_ForgotPassword - Validating that proper message is displayed after providing valid e-mail id
03:00:56.186 [TestNG-tests-1] INFO  testCases.TC04_ForgotPassword - Finished Test 4***
03:00:56.198 [TestNG-tests-1] INFO  testCases.TC03_AccountLogout - ***Starting Test 4***
03:00:56.575 [TestNG-tests-2] INFO  testCases.TC04_ForgotPassword - Clicked on login link
03:00:59.391 [TestNG-tests-1] INFO  testCases.TC03_AccountLogout - Clicked on my account link
03:00:59.970 [TestNG-tests-2] INFO  testCases.TC04_ForgotPassword - Clicked on forgot password link in right column
03:01:00.215 [TestNG-tests-1] INFO  testCases.TC03_AccountLogout - Clicked on login link
03:01:00.218 [TestNG-tests-1] INFO  testCases.TC03_AccountLogout - Giving valid details
03:01:03.831 [TestNG-tests-1] INFO  testCases.TC03_AccountLogout - Clicked on my account link
03:01:04.830 [TestNG-tests-1] INFO  testCases.TC03_AccountLogout - Clicked on logout link
03:01:04.964 [TestNG-tests-2] INFO  testCases.TC04_ForgotPassword - Entered email and clicked on continue button
03:01:06.910 [TestNG-tests-1] INFO  testCases.TC03_AccountLogout - navigated back...
03:01:07.987 [TestNG-tests-2] INFO  testCases.TC04_ForgotPassword - Validating that proper message is displayed after providing valid e-mail id
03:01:07.987 [TestNG-tests-2] INFO  testCases.TC04_ForgotPassword - Finished Test 4***
03:01:08.005 [TestNG-tests-2] INFO  testCases.TC03_AccountLogout - ***Starting Test 4***
03:01:09.104 [TestNG-tests-1] INFO  testCases.TC03_AccountLogout - Clicked on my account link
03:01:11.180 [TestNG-tests-1] INFO  testCases.TC03_AccountLogout - Validating logging out and browsing back
03:01:11.202 [TestNG-tests-2] INFO  testCases.TC03_AccountLogout - Clicked on my account link
03:01:11.595 [TestNG-tests-1] INFO  testCases.TC02_AccountLogin - ***Starting Test 4***
03:01:11.811 [TestNG-tests-2] INFO  testCases.TC03_AccountLogout - Clicked on login link
03:01:11.811 [TestNG-tests-2] INFO  testCases.TC03_AccountLogout - Giving valid details
03:01:13.159 [TestNG-tests-1] INFO  testCases.TC02_AccountLogin - Clicked on my account link
03:01:13.643 [TestNG-tests-1] INFO  testCases.TC02_AccountLogin - Clicked on my login link
03:01:13.643 [TestNG-tests-1] INFO  testCases.TC02_AccountLogin - Giving valid login credentials...
03:01:15.335 [TestNG-tests-2] INFO  testCases.TC03_AccountLogout - Clicked on my account link
03:01:15.796 [TestNG-tests-2] INFO  testCases.TC03_AccountLogout - Clicked on logout link
03:01:17.311 [TestNG-tests-1] INFO  testCases.TC02_AccountLogin - Clicked on my account link
03:01:17.972 [TestNG-tests-2] INFO  testCases.TC03_AccountLogout - navigated back...
03:01:19.346 [TestNG-tests-1] INFO  testCases.TC02_AccountLogin - Validating  logging into account by giving valid credentials	
03:01:19.982 [TestNG-tests-1] INFO  testCases.TC02_AccountLogin - Finished Test4***
03:01:20.006 [TestNG-tests-1] INFO  testCases.TC04_ForgotPassword - ***Starting Test 5***
03:01:20.178 [TestNG-tests-2] INFO  testCases.TC03_AccountLogout - Clicked on my account link
03:01:21.078 [TestNG-tests-1] INFO  testCases.TC04_ForgotPassword - Clicked on my account link
03:01:21.506 [TestNG-tests-1] INFO  testCases.TC04_ForgotPassword - Clicked on login link
03:01:22.222 [TestNG-tests-2] INFO  testCases.TC03_AccountLogout - Validating logging out and browsing back
03:01:22.222 [TestNG-tests-2] INFO  testCases.TC02_AccountLogin - ***Starting Test 4***
03:01:22.980 [TestNG-tests-2] INFO  testCases.TC02_AccountLogin - Clicked on my account link
03:01:23.301 [TestNG-tests-2] INFO  testCases.TC02_AccountLogin - Clicked on my login link
03:01:23.301 [TestNG-tests-2] INFO  testCases.TC02_AccountLogin - Giving valid login credentials...
03:01:25.202 [TestNG-tests-1] INFO  testCases.TC04_ForgotPassword - Clicked on forgot password link in right column
03:01:26.658 [TestNG-tests-2] INFO  testCases.TC02_AccountLogin - Clicked on my account link
03:01:28.702 [TestNG-tests-2] INFO  testCases.TC02_AccountLogin - Validating  logging into account by giving valid credentials	
03:01:29.493 [TestNG-tests-1] INFO  testCases.TC04_ForgotPassword - Entered email and clicked on continue button
03:01:29.662 [TestNG-tests-2] INFO  testCases.TC02_AccountLogin - Finished Test4***
03:01:29.672 [TestNG-tests-2] INFO  testCases.TC04_ForgotPassword - ***Starting Test 5***
03:01:30.529 [TestNG-tests-2] INFO  testCases.TC04_ForgotPassword - Clicked on my account link
03:01:30.876 [TestNG-tests-2] INFO  testCases.TC04_ForgotPassword - Clicked on login link
03:01:32.563 [TestNG-tests-1] INFO  testCases.TC04_ForgotPassword - Validating tthat proper warning message is displayed after providing invalid e-mail id
03:01:32.563 [TestNG-tests-1] INFO  testCases.TC04_ForgotPassword - Finished Test 5***
03:01:32.573 [TestNG-tests-1] INFO  testCases.TC03_AccountLogout - ***Starting Test 5***
03:01:34.433 [TestNG-tests-2] INFO  testCases.TC04_ForgotPassword - Clicked on forgot password link in right column
03:01:35.740 [TestNG-tests-1] INFO  testCases.TC03_AccountLogout - Clicked on my account link
03:01:35.796 [TestNG-tests-1] INFO  testCases.TC03_AccountLogout - Validating Logout option is not displayed under 'My Account' menu before logging in
03:01:35.796 [TestNG-tests-1] INFO  testCases.TC03_AccountLogout - Finished Test 5***
03:01:35.803 [TestNG-tests-1] INFO  testCases.TC02_AccountLogin - ***Starting Test 5***
03:01:35.976 [TestNG-tests-1] INFO  testCases.TC02_AccountLogin - Clicked on my account link
03:01:36.642 [TestNG-tests-1] INFO  testCases.TC02_AccountLogin - Clicked on my login link
03:01:36.642 [TestNG-tests-1] INFO  testCases.TC02_AccountLogin - Giving not registered username
03:01:38.343 [TestNG-tests-2] INFO  testCases.TC04_ForgotPassword - Entered email and clicked on continue button
03:01:39.871 [TestNG-tests-1] INFO  testCases.TC02_AccountLogin - Clicked on my account link
03:01:39.938 [TestNG-tests-1] INFO  testCases.TC02_AccountLogin - Validating logging into account by giving not registered username
03:01:39.938 [TestNG-tests-1] INFO  testCases.TC02_AccountLogin - Finished Test5***
03:01:39.946 [TestNG-tests-1] INFO  testCases.TC04_ForgotPassword - ***Starting Test 6***
03:01:41.263 [TestNG-tests-1] INFO  testCases.TC04_ForgotPassword - Clicked on my account link
03:01:41.377 [TestNG-tests-2] INFO  testCases.TC04_ForgotPassword - Validating tthat proper warning message is displayed after providing invalid e-mail id
03:01:41.377 [TestNG-tests-2] INFO  testCases.TC04_ForgotPassword - Finished Test 5***
03:01:41.396 [TestNG-tests-2] INFO  testCases.TC03_AccountLogout - ***Starting Test 5***
03:01:41.653 [TestNG-tests-1] INFO  testCases.TC04_ForgotPassword - Clicked on login link
03:01:44.582 [TestNG-tests-2] INFO  testCases.TC03_AccountLogout - Clicked on my account link
03:01:44.602 [TestNG-tests-2] INFO  testCases.TC03_AccountLogout - Validating Logout option is not displayed under 'My Account' menu before logging in
03:01:44.602 [TestNG-tests-2] INFO  testCases.TC03_AccountLogout - Finished Test 5***
03:01:44.611 [TestNG-tests-2] INFO  testCases.TC02_AccountLogin - ***Starting Test 5***
03:01:44.785 [TestNG-tests-2] INFO  testCases.TC02_AccountLogin - Clicked on my account link
03:01:45.272 [TestNG-tests-2] INFO  testCases.TC02_AccountLogin - Clicked on my login link
03:01:45.272 [TestNG-tests-2] INFO  testCases.TC02_AccountLogin - Giving not registered username
03:01:45.484 [TestNG-tests-1] INFO  testCases.TC04_ForgotPassword - Clicked on forgot password link in right column
03:01:48.180 [TestNG-tests-2] INFO  testCases.TC02_AccountLogin - Clicked on my account link
03:01:48.209 [TestNG-tests-2] INFO  testCases.TC02_AccountLogin - Validating logging into account by giving not registered username
03:01:48.209 [TestNG-tests-2] INFO  testCases.TC02_AccountLogin - Finished Test5***
03:01:48.209 [TestNG-tests-2] INFO  testCases.TC04_ForgotPassword - ***Starting Test 6***
03:01:48.937 [TestNG-tests-2] INFO  testCases.TC04_ForgotPassword - Clicked on my account link
03:01:49.571 [TestNG-tests-2] INFO  testCases.TC04_ForgotPassword - Clicked on login link
03:01:49.608 [TestNG-tests-1] INFO  testCases.TC04_ForgotPassword - Clicked on continue button
03:01:52.675 [TestNG-tests-1] INFO  testCases.TC04_ForgotPassword - Validating that proper warning message is displayed after leaving e-mail textfield empty
03:01:52.675 [TestNG-tests-1] INFO  testCases.TC04_ForgotPassword - Finished Test 6***
03:01:52.681 [TestNG-tests-1] INFO  testCases.TC03_AccountLogout - ***Starting Test 6***
03:01:53.046 [TestNG-tests-2] INFO  testCases.TC04_ForgotPassword - Clicked on forgot password link in right column
03:01:54.046 [TestNG-tests-1] INFO  testCases.TC03_AccountLogout - Clicked on my account link
03:01:54.470 [TestNG-tests-1] INFO  testCases.TC03_AccountLogout - Clicked on login link
03:01:54.470 [TestNG-tests-1] INFO  testCases.TC03_AccountLogout - Giving valid details
03:01:56.896 [TestNG-tests-2] INFO  testCases.TC04_ForgotPassword - Clicked on continue button
03:01:57.848 [TestNG-tests-1] INFO  testCases.TC03_AccountLogout - Clicked on my account link
03:01:58.492 [TestNG-tests-1] INFO  testCases.TC03_AccountLogout - Clicked on logout link
03:01:59.939 [TestNG-tests-2] INFO  testCases.TC04_ForgotPassword - Validating that proper warning message is displayed after leaving e-mail textfield empty
03:01:59.943 [TestNG-tests-2] INFO  testCases.TC04_ForgotPassword - Finished Test 6***
03:01:59.945 [TestNG-tests-2] INFO  testCases.TC03_AccountLogout - ***Starting Test 6***
03:02:00.940 [TestNG-tests-2] INFO  testCases.TC03_AccountLogout - Clicked on my account link
03:02:01.296 [TestNG-tests-2] INFO  testCases.TC03_AccountLogout - Clicked on login link
03:02:01.296 [TestNG-tests-2] INFO  testCases.TC03_AccountLogout - Giving valid details
03:02:03.555 [TestNG-tests-1] INFO  testCases.TC03_AccountLogout - Validating that proper message is displayed after logging out
03:02:03.555 [TestNG-tests-1] INFO  testCases.TC03_AccountLogout - Finished Test 6***
03:02:04.451 [TestNG-tests-2] INFO  testCases.TC03_AccountLogout - Clicked on my account link
03:02:04.619 [TestNG-tests-1] INFO  testCases.TC02_AccountLogin - ***Starting Test 6***
03:02:04.923 [TestNG-tests-2] INFO  testCases.TC03_AccountLogout - Clicked on logout link
03:02:05.810 [TestNG-tests-1] INFO  testCases.TC02_AccountLogin - Clicked on my account link
03:02:06.438 [TestNG-tests-1] INFO  testCases.TC02_AccountLogin - Clicked on my login link
03:02:06.440 [TestNG-tests-1] INFO  testCases.TC02_AccountLogin - Giving registered username with incorrect password
03:02:09.716 [TestNG-tests-1] INFO  testCases.TC02_AccountLogin - Clicked on my account link
03:02:09.767 [TestNG-tests-1] INFO  testCases.TC02_AccountLogin - Validating logging into account by giving registered username and incorrect password
03:02:09.767 [TestNG-tests-1] INFO  testCases.TC02_AccountLogin - Finished Test6***
03:02:09.769 [TestNG-tests-1] INFO  testCases.TC04_ForgotPassword - ***Starting Test 7***
03:02:09.995 [TestNG-tests-2] INFO  testCases.TC03_AccountLogout - Validating that proper message is displayed after logging out
03:02:09.995 [TestNG-tests-2] INFO  testCases.TC03_AccountLogout - Finished Test 6***
03:02:10.620 [TestNG-tests-1] INFO  testCases.TC04_ForgotPassword - Clicked on my account link
03:02:11.081 [TestNG-tests-1] INFO  testCases.TC04_ForgotPassword - Clicked on login link
03:02:11.338 [TestNG-tests-2] INFO  testCases.TC02_AccountLogin - ***Starting Test 6***
03:02:12.286 [TestNG-tests-2] INFO  testCases.TC02_AccountLogin - Clicked on my account link
03:02:12.733 [TestNG-tests-2] INFO  testCases.TC02_AccountLogin - Clicked on my login link
03:02:12.733 [TestNG-tests-2] INFO  testCases.TC02_AccountLogin - Giving registered username with incorrect password
03:02:14.589 [TestNG-tests-1] INFO  testCases.TC04_ForgotPassword - Clicked on forgot password link in right column
03:02:15.411 [TestNG-tests-2] INFO  testCases.TC02_AccountLogin - Clicked on my account link
03:02:15.440 [TestNG-tests-2] INFO  testCases.TC02_AccountLogin - Validating logging into account by giving registered username and incorrect password
03:02:15.440 [TestNG-tests-2] INFO  testCases.TC02_AccountLogin - Finished Test6***
03:02:15.444 [TestNG-tests-2] INFO  testCases.TC04_ForgotPassword - ***Starting Test 7***
03:02:16.238 [TestNG-tests-2] INFO  testCases.TC04_ForgotPassword - Clicked on my account link
03:02:16.546 [TestNG-tests-2] INFO  testCases.TC04_ForgotPassword - Clicked on login link
03:02:17.626 [TestNG-tests-1] INFO  testCases.TC04_ForgotPassword - Validating Placeholder text is displayed in the 'E-Mail Address' field of 'Forgotten Password' page
03:02:17.626 [TestNG-tests-1] INFO  testCases.TC04_ForgotPassword - Finished Test 7***
03:02:17.639 [TestNG-tests-1] INFO  testCases.TC02_AccountLogin - ***Starting Test 7***
03:02:18.264 [TestNG-tests-1] INFO  testCases.TC02_AccountLogin - Clicked on my account link
03:02:18.664 [TestNG-tests-1] INFO  testCases.TC02_AccountLogin - Clicked on my login link
03:02:18.664 [TestNG-tests-1] INFO  testCases.TC02_AccountLogin - Giving registered username with password textfield empty
03:02:19.930 [TestNG-tests-2] INFO  testCases.TC04_ForgotPassword - Clicked on forgot password link in right column
03:02:21.329 [TestNG-tests-1] INFO  testCases.TC02_AccountLogin - Clicked on my account link
03:02:21.373 [TestNG-tests-1] INFO  testCases.TC02_AccountLogin - Validating logging into account by giving registered username and keeping password textfield empty
03:02:21.373 [TestNG-tests-1] INFO  testCases.TC02_AccountLogin - Finished Test 7***
03:02:21.378 [TestNG-tests-1] INFO  testCases.TC04_ForgotPassword - ***Starting Test 8***
03:02:22.063 [TestNG-tests-1] INFO  testCases.TC04_ForgotPassword - Clicked on my account link
03:02:22.602 [TestNG-tests-1] INFO  testCases.TC04_ForgotPassword - Clicked on login link
03:02:22.961 [TestNG-tests-2] INFO  testCases.TC04_ForgotPassword - Validating Placeholder text is displayed in the 'E-Mail Address' field of 'Forgotten Password' page
03:02:22.961 [TestNG-tests-2] INFO  testCases.TC04_ForgotPassword - Finished Test 7***
03:02:22.967 [TestNG-tests-2] INFO  testCases.TC02_AccountLogin - ***Starting Test 7***
03:02:23.612 [TestNG-tests-2] INFO  testCases.TC02_AccountLogin - Clicked on my account link
03:02:23.912 [TestNG-tests-2] INFO  testCases.TC02_AccountLogin - Clicked on my login link
03:02:23.912 [TestNG-tests-2] INFO  testCases.TC02_AccountLogin - Giving registered username with password textfield empty
03:02:26.039 [TestNG-tests-1] INFO  testCases.TC04_ForgotPassword - Clicked on forgot password link in right column
03:02:26.617 [TestNG-tests-2] INFO  testCases.TC02_AccountLogin - Clicked on my account link
03:02:26.649 [TestNG-tests-2] INFO  testCases.TC02_AccountLogin - Validating logging into account by giving registered username and keeping password textfield empty
03:02:26.649 [TestNG-tests-2] INFO  testCases.TC02_AccountLogin - Finished Test 7***
03:02:26.649 [TestNG-tests-2] INFO  testCases.TC04_ForgotPassword - ***Starting Test 8***
03:02:27.307 [TestNG-tests-2] INFO  testCases.TC04_ForgotPassword - Clicked on my account link
03:02:27.644 [TestNG-tests-2] INFO  testCases.TC04_ForgotPassword - Clicked on login link
03:02:29.346 [TestNG-tests-1] INFO  testCases.TC04_ForgotPassword - Entered email and clicked on continue button
03:02:31.160 [TestNG-tests-2] INFO  testCases.TC04_ForgotPassword - Clicked on forgot password link in right column
03:02:32.776 [TestNG-tests-1] INFO  testCases.TC04_ForgotPassword - Clicked on login link
03:02:35.805 [TestNG-tests-2] INFO  testCases.TC04_ForgotPassword - Entered email and clicked on continue button
03:02:37.994 [TestNG-tests-1] INFO  testCases.TC04_ForgotPassword - Entered email, password and clicked on login button
03:02:39.160 [TestNG-tests-2] INFO  testCases.TC04_ForgotPassword - Clicked on login link
03:02:41.184 [TestNG-tests-1] INFO  testCases.TC04_ForgotPassword - Clicked on my account link
03:02:41.184 [TestNG-tests-1] INFO  testCases.TC04_ForgotPassword - Validating logging into the Application with the old password
03:02:41.248 [TestNG-tests-1] INFO  testCases.TC04_ForgotPassword - Finished Test 8***
03:02:41.958 [TestNG-tests-1] INFO  testCases.TC02_AccountLogin - ***Starting Test 8***
03:02:42.932 [TestNG-tests-1] INFO  testCases.TC02_AccountLogin - Clicked on my account link
03:02:43.313 [TestNG-tests-1] INFO  testCases.TC02_AccountLogin - Clicked on my login link
03:02:43.317 [TestNG-tests-1] INFO  testCases.TC02_AccountLogin - Keeping username textfield empty
03:02:43.359 [TestNG-tests-2] INFO  testCases.TC04_ForgotPassword - Entered email, password and clicked on login button
03:02:46.578 [TestNG-tests-2] INFO  testCases.TC04_ForgotPassword - Clicked on my account link
03:02:46.578 [TestNG-tests-2] INFO  testCases.TC04_ForgotPassword - Validating logging into the Application with the old password
03:02:46.601 [TestNG-tests-2] INFO  testCases.TC04_ForgotPassword - Finished Test 8***
03:02:46.667 [TestNG-tests-1] INFO  testCases.TC02_AccountLogin - Clicked on my account link
03:02:46.729 [TestNG-tests-1] INFO  testCases.TC02_AccountLogin - Validating logging into account by giving password only and keeping username textfield empty
03:02:46.729 [TestNG-tests-1] INFO  testCases.TC02_AccountLogin - Finished Test 8***
03:02:46.740 [TestNG-tests-1] INFO  testCases.TC02_AccountLogin - ***Starting Test 9***
03:02:47.547 [TestNG-tests-1] INFO  testCases.TC02_AccountLogin - Clicked on my account link
03:02:47.856 [TestNG-tests-2] INFO  testCases.TC02_AccountLogin - ***Starting Test 8***
03:02:48.099 [TestNG-tests-1] INFO  testCases.TC02_AccountLogin - Clicked on my login link
03:02:48.099 [TestNG-tests-1] INFO  testCases.TC02_AccountLogin - Keeping username and email textfield empty
03:02:48.696 [TestNG-tests-2] INFO  testCases.TC02_AccountLogin - Clicked on my account link
03:02:49.209 [TestNG-tests-2] INFO  testCases.TC02_AccountLogin - Clicked on my login link
03:02:49.209 [TestNG-tests-2] INFO  testCases.TC02_AccountLogin - Keeping username textfield empty
03:02:51.655 [TestNG-tests-1] INFO  testCases.TC02_AccountLogin - Clicked on my account link
03:02:51.693 [TestNG-tests-1] INFO  testCases.TC02_AccountLogin - Validating logging into account by keeping both the textfields empty
03:02:51.693 [TestNG-tests-1] INFO  testCases.TC02_AccountLogin - Finished Test 9***
03:02:51.697 [TestNG-tests-1] INFO  testCases.TC02_AccountLogin - ***Starting Test 11***
03:02:51.994 [TestNG-tests-2] INFO  testCases.TC02_AccountLogin - Clicked on my account link
03:02:52.024 [TestNG-tests-2] INFO  testCases.TC02_AccountLogin - Validating logging into account by giving password only and keeping username textfield empty
03:02:52.024 [TestNG-tests-2] INFO  testCases.TC02_AccountLogin - Finished Test 8***
03:02:52.028 [TestNG-tests-2] INFO  testCases.TC02_AccountLogin - ***Starting Test 9***
03:02:52.346 [TestNG-tests-1] INFO  testCases.TC02_AccountLogin - Clicked on my account link
03:02:52.818 [TestNG-tests-1] INFO  testCases.TC02_AccountLogin - Clicked on my login link
03:02:52.818 [TestNG-tests-1] INFO  testCases.TC02_AccountLogin - Giving valid details
03:02:52.900 [TestNG-tests-2] INFO  testCases.TC02_AccountLogin - Clicked on my account link
03:02:53.322 [TestNG-tests-1] INFO  testCases.TC02_AccountLogin - Validating the text into the Password field is toggled to hide its visibility
03:02:53.322 [TestNG-tests-1] INFO  testCases.TC02_AccountLogin - Finished Test 11***
03:02:53.330 [TestNG-tests-1] INFO  testCases.TC02_AccountLogin - ***Starting Test 12***
03:02:53.395 [TestNG-tests-2] INFO  testCases.TC02_AccountLogin - Clicked on my login link
03:02:53.397 [TestNG-tests-2] INFO  testCases.TC02_AccountLogin - Keeping username and email textfield empty
03:02:54.487 [TestNG-tests-1] INFO  testCases.TC02_AccountLogin - Clicked on my account link
03:02:54.889 [TestNG-tests-1] INFO  testCases.TC02_AccountLogin - Clicked on my login link
03:02:54.889 [TestNG-tests-1] INFO  testCases.TC02_AccountLogin - Giving valid details
03:02:55.224 [TestNG-tests-1] INFO  testCases.TC02_AccountLogin - Validating the Password is not visible in the Page Source
03:02:55.224 [TestNG-tests-1] INFO  testCases.TC02_AccountLogin - Finished Test 12***
03:02:55.231 [TestNG-tests-1] INFO  testCases.TC02_AccountLogin - ***Starting Test 15***
03:02:56.089 [TestNG-tests-1] INFO  testCases.TC02_AccountLogin - Clicked on my account link
03:02:56.379 [TestNG-tests-2] INFO  testCases.TC02_AccountLogin - Clicked on my account link
03:02:56.410 [TestNG-tests-2] INFO  testCases.TC02_AccountLogin - Validating logging into account by keeping both the textfields empty
03:02:56.412 [TestNG-tests-2] INFO  testCases.TC02_AccountLogin - Finished Test 9***
03:02:56.416 [TestNG-tests-2] INFO  testCases.TC02_AccountLogin - ***Starting Test 11***
03:02:56.469 [TestNG-tests-1] INFO  testCases.TC02_AccountLogin - Clicked on my login link
03:02:56.560 [TestNG-tests-1] INFO  testCases.TC02_AccountLogin - Validating forgot password link is provided in the login page
03:02:56.560 [TestNG-tests-1] INFO  testCases.TC02_AccountLogin - Finished Test 15***
03:02:56.568 [TestNG-tests-1] INFO  testCases.TC02_AccountLogin - ***Starting Test 16***
03:02:56.747 [TestNG-tests-1] INFO  testCases.TC02_AccountLogin - Clicked on my account link
03:02:57.141 [TestNG-tests-1] INFO  testCases.TC02_AccountLogin - Clicked on my login link
03:02:57.141 [TestNG-tests-1] INFO  testCases.TC02_AccountLogin - Giving invalid details
03:02:57.281 [TestNG-tests-2] INFO  testCases.TC02_AccountLogin - Clicked on my account link
03:02:57.658 [TestNG-tests-2] INFO  testCases.TC02_AccountLogin - Clicked on my login link
03:02:57.658 [TestNG-tests-2] INFO  testCases.TC02_AccountLogin - Giving valid details
03:02:57.873 [TestNG-tests-2] INFO  testCases.TC02_AccountLogin - Validating the text into the Password field is toggled to hide its visibility
03:02:57.873 [TestNG-tests-2] INFO  testCases.TC02_AccountLogin - Finished Test 11***
03:02:57.878 [TestNG-tests-2] INFO  testCases.TC02_AccountLogin - ***Starting Test 12***
03:02:58.391 [TestNG-tests-1] INFO  testCases.TC02_AccountLogin - Validating on clicking forgot password link --> the forgot password page is displayed
03:02:58.391 [TestNG-tests-1] INFO  testCases.TC02_AccountLogin - Finished Test 16***
03:02:58.395 [TestNG-tests-1] INFO  testCases.TC02_AccountLogin - ***Starting Test 17***
03:02:58.580 [TestNG-tests-1] INFO  testCases.TC02_AccountLogin - Clicked on my account link
03:02:58.682 [TestNG-tests-2] INFO  testCases.TC02_AccountLogin - Clicked on my account link
03:02:59.042 [TestNG-tests-2] INFO  testCases.TC02_AccountLogin - Clicked on my login link
03:02:59.042 [TestNG-tests-2] INFO  testCases.TC02_AccountLogin - Giving valid details
03:02:59.278 [TestNG-tests-1] INFO  testCases.TC02_AccountLogin - Clicked on my login link
03:02:59.278 [TestNG-tests-1] INFO  testCases.TC02_AccountLogin - Giving email only
03:02:59.420 [TestNG-tests-2] INFO  testCases.TC02_AccountLogin - Validating the Password is not visible in the Page Source
03:02:59.420 [TestNG-tests-2] INFO  testCases.TC02_AccountLogin - Finished Test 12***
03:02:59.424 [TestNG-tests-2] INFO  testCases.TC02_AccountLogin - ***Starting Test 15***
03:03:00.187 [TestNG-tests-1] INFO  testCases.TC02_AccountLogin - Validating clicking on forgot password link by giving email id only
03:03:00.187 [TestNG-tests-1] INFO  testCases.TC02_AccountLogin - Finished Test 17***
03:03:00.187 [TestNG-tests-1] INFO  testCases.TC02_AccountLogin - ***Starting Test 18***
03:03:00.278 [TestNG-tests-2] INFO  testCases.TC02_AccountLogin - Clicked on my account link
03:03:00.373 [TestNG-tests-1] INFO  testCases.TC02_AccountLogin - Clicked on my account link
03:03:00.700 [TestNG-tests-2] INFO  testCases.TC02_AccountLogin - Clicked on my login link
03:03:00.754 [TestNG-tests-2] INFO  testCases.TC02_AccountLogin - Validating forgot password link is provided in the login page
03:03:00.754 [TestNG-tests-2] INFO  testCases.TC02_AccountLogin - Finished Test 15***
03:03:00.760 [TestNG-tests-2] INFO  testCases.TC02_AccountLogin - ***Starting Test 16***
03:03:00.921 [TestNG-tests-2] INFO  testCases.TC02_AccountLogin - Clicked on my account link
03:03:01.008 [TestNG-tests-1] INFO  testCases.TC02_AccountLogin - Clicked on my login link
03:03:01.008 [TestNG-tests-1] INFO  testCases.TC02_AccountLogin - Giving password only
03:03:01.342 [TestNG-tests-2] INFO  testCases.TC02_AccountLogin - Clicked on my login link
03:03:01.342 [TestNG-tests-2] INFO  testCases.TC02_AccountLogin - Giving invalid details
03:03:01.937 [TestNG-tests-1] INFO  testCases.TC02_AccountLogin - Validating clicking on forgot password link by giving password only
03:03:01.937 [TestNG-tests-1] INFO  testCases.TC02_AccountLogin - Finished Test 18***
03:03:01.946 [TestNG-tests-1] INFO  testCases.TC02_AccountLogin - ***Starting Test 19***
03:03:01.950 [TestNG-tests-2] INFO  testCases.TC02_AccountLogin - Validating on clicking forgot password link --> the forgot password page is displayed
03:03:01.950 [TestNG-tests-2] INFO  testCases.TC02_AccountLogin - Finished Test 16***
03:03:01.956 [TestNG-tests-2] INFO  testCases.TC02_AccountLogin - ***Starting Test 17***
03:03:02.112 [TestNG-tests-2] INFO  testCases.TC02_AccountLogin - Clicked on my account link
03:03:02.116 [TestNG-tests-1] INFO  testCases.TC02_AccountLogin - Clicked on my account link
03:03:02.637 [TestNG-tests-1] INFO  testCases.TC02_AccountLogin - Clicked on my login link
03:03:02.649 [TestNG-tests-2] INFO  testCases.TC02_AccountLogin - Clicked on my login link
03:03:02.651 [TestNG-tests-2] INFO  testCases.TC02_AccountLogin - Giving email only
03:03:02.814 [TestNG-tests-1] INFO  testCases.TC02_AccountLogin - Validating there is proper place holders in all the text fields
03:03:02.817 [TestNG-tests-1] INFO  testCases.TC02_AccountLogin - Finished Test 19***
03:03:02.824 [TestNG-tests-1] INFO  testCases.TC02_AccountLogin - ***Starting Test 20***
03:03:03.023 [TestNG-tests-1] INFO  testCases.TC02_AccountLogin - Clicked on my account link
03:03:03.324 [TestNG-tests-2] INFO  testCases.TC02_AccountLogin - Validating clicking on forgot password link by giving email id only
03:03:03.324 [TestNG-tests-2] INFO  testCases.TC02_AccountLogin - Finished Test 17***
03:03:03.336 [TestNG-tests-2] INFO  testCases.TC02_AccountLogin - ***Starting Test 18***
03:03:03.497 [TestNG-tests-1] INFO  testCases.TC02_AccountLogin - Clicked on my login link
03:03:03.497 [TestNG-tests-1] INFO  testCases.TC02_AccountLogin - Giving valid email
03:03:03.501 [TestNG-tests-2] INFO  testCases.TC02_AccountLogin - Clicked on my account link
03:03:03.720 [TestNG-tests-1] INFO  testCases.TC02_AccountLogin - Giving only spaces in pwd
03:03:03.859 [TestNG-tests-2] INFO  testCases.TC02_AccountLogin - Clicked on my login link
03:03:03.859 [TestNG-tests-2] INFO  testCases.TC02_AccountLogin - Giving password only
03:03:04.280 [TestNG-tests-2] INFO  testCases.TC02_AccountLogin - Validating clicking on forgot password link by giving password only
03:03:04.280 [TestNG-tests-2] INFO  testCases.TC02_AccountLogin - Finished Test 18***
03:03:04.284 [TestNG-tests-2] INFO  testCases.TC02_AccountLogin - ***Starting Test 19***
03:03:04.425 [TestNG-tests-2] INFO  testCases.TC02_AccountLogin - Clicked on my account link
03:03:05.003 [TestNG-tests-2] INFO  testCases.TC02_AccountLogin - Clicked on my login link
03:03:05.059 [TestNG-tests-2] INFO  testCases.TC02_AccountLogin - Validating there is proper place holders in all the text fields
03:03:05.059 [TestNG-tests-2] INFO  testCases.TC02_AccountLogin - Finished Test 19***
03:03:05.066 [TestNG-tests-2] INFO  testCases.TC02_AccountLogin - ***Starting Test 20***
03:03:05.210 [TestNG-tests-2] INFO  testCases.TC02_AccountLogin - Clicked on my account link
03:03:05.466 [TestNG-tests-2] INFO  testCases.TC02_AccountLogin - Clicked on my login link
03:03:05.466 [TestNG-tests-2] INFO  testCases.TC02_AccountLogin - Giving valid email
03:03:05.562 [TestNG-tests-2] INFO  testCases.TC02_AccountLogin - Giving only spaces in pwd
03:03:06.335 [TestNG-tests-1] INFO  testCases.TC02_AccountLogin - Validating logging in by giving only spaces in the text fields
03:03:06.335 [TestNG-tests-1] INFO  testCases.TC02_AccountLogin - Finished Test 20***
03:03:08.183 [TestNG-tests-2] INFO  testCases.TC02_AccountLogin - Validating logging in by giving only spaces in the text fields
